<?xml version="1.0" encoding="UTF-8"?>
<!-- Generated by org.testng.reporters.JUnitXMLReporter -->
<testsuite ignored="0" hostname="ASUS-TUF-F15-1650Ti" failures="0" tests="4" name="Submit Order Test" time="28.573" errors="0" timestamp="2025-02-18T20:24:19 IST">
  <testcase classname="academy.tests.SubmitOrderTest" name="submitOrder" time="4.885"/>
  <testcase classname="academy.tests.SubmitOrderTest" name="submitOrder" time="7.639"/>
  <testcase classname="academy.tests.SubmitOrderTest" name="OrderHistoryTest" time="0.934"/>
  <testcase classname="academy.tests.SubmitOrderTest" name="OrderHistoryTest" time="0.644"/>
</testsuite> <!-- Submit Order Test -->
