<?xml version="1.0" encoding="UTF-8"?>
<!-- Generated by org.testng.reporters.JUnitXMLReporter -->
<testsuite ignored="0" hostname="ASUS-TUF-F15-1650Ti" failures="0" tests="2" name="Error Validation Test" time="24.757" errors="0" timestamp="2025-02-20T17:52:22 IST">
  <testcase classname="academy.tests.ErrorValidationsTest" name="LoginErrorValidation" time="1.162"/>
  <testcase classname="academy.tests.ErrorValidationsTest" name="ProductErrorValidation" time="5.435"/>
</testsuite> <!-- Error Validation Test -->
