<?xml version="1.0" encoding="UTF-8"?>
<!-- Generated by org.testng.reporters.JUnitXMLReporter -->
<testsuite ignored="0" hostname="ASUS-TUF-F15-1650Ti" failures="0" tests="4" name="Submit Order Test" time="43.464" errors="0" timestamp="2025-02-20T17:52:40 IST">
  <testcase classname="academy.tests.SubmitOrderTest" name="submitOrder" time="6.492"/>
  <testcase classname="academy.tests.SubmitOrderTest" name="submitOrder" time="4.49"/>
  <testcase classname="academy.tests.SubmitOrderTest" name="OrderHistoryTest" time="0.961"/>
  <testcase classname="academy.tests.SubmitOrderTest" name="OrderHistoryTest" time="0.917"/>
</testsuite> <!-- Submit Order Test -->
