<?xml version="1.0" encoding="UTF-8"?>
<testng-results ignored="0" total="6" passed="6" failed="0" skipped="0">
  <reporter-output>
  </reporter-output>
  <suite started-at="2025-02-20T17:51:57 IST" name="Suite" finished-at="2025-02-20T17:52:40 IST" duration-ms="43464">
    <groups>
      <group name="ErrorHandling">
        <method signature="ErrorValidationsTest.LoginErrorValidation()[pri:0, instance:academy.tests.ErrorValidationsTest@7975d1d8]" name="LoginErrorValidation" class="academy.tests.ErrorValidationsTest"/>
        <method signature="ErrorValidationsTest.ProductErrorValidation()[pri:0, instance:academy.tests.ErrorValidationsTest@7975d1d8]" name="ProductErrorValidation" class="academy.tests.ErrorValidationsTest"/>
      </group> <!-- ErrorHandling -->
      <group name="Purchase">
        <method signature="SubmitOrderTest.submitOrder(java.util.HashMap)[pri:0, instance:academy.tests.SubmitOrderTest@1c742ed4]" name="submitOrder" class="academy.tests.SubmitOrderTest"/>
      </group> <!-- Purchase -->
    </groups>
    <test started-at="2025-02-20T17:51:57 IST" name="Error Validation Test" finished-at="2025-02-20T17:52:22 IST" duration-ms="24757">
      <class name="academy.tests.ErrorValidationsTest">
        <test-method is-config="true" signature="launchApplication()[pri:0, instance:academy.tests.ErrorValidationsTest@7975d1d8]" started-at="2025-02-20T17:51:57 IST" name="launchApplication" finished-at="2025-02-20T17:52:09 IST" duration-ms="12210" status="PASS">
          <reporter-output>
          </reporter-output>
        </test-method> <!-- launchApplication -->
        <test-method signature="LoginErrorValidation()[pri:0, instance:academy.tests.ErrorValidationsTest@7975d1d8]" started-at="2025-02-20T17:52:09 IST" name="LoginErrorValidation" finished-at="2025-02-20T17:52:10 IST" duration-ms="1162" status="PASS">
          <reporter-output>
          </reporter-output>
        </test-method> <!-- LoginErrorValidation -->
        <test-method is-config="true" signature="close()[pri:0, instance:academy.tests.ErrorValidationsTest@7975d1d8]" started-at="2025-02-20T17:52:10 IST" name="close" finished-at="2025-02-20T17:52:12 IST" duration-ms="1763" status="PASS">
          <reporter-output>
          </reporter-output>
        </test-method> <!-- close -->
        <test-method is-config="true" signature="launchApplication()[pri:0, instance:academy.tests.ErrorValidationsTest@7975d1d8]" started-at="2025-02-20T17:52:12 IST" name="launchApplication" finished-at="2025-02-20T17:52:15 IST" duration-ms="3160" status="PASS">
          <reporter-output>
          </reporter-output>
        </test-method> <!-- launchApplication -->
        <test-method signature="ProductErrorValidation()[pri:0, instance:academy.tests.ErrorValidationsTest@7975d1d8]" started-at="2025-02-20T17:52:15 IST" name="ProductErrorValidation" finished-at="2025-02-20T17:52:21 IST" duration-ms="5435" status="PASS">
          <reporter-output>
          </reporter-output>
        </test-method> <!-- ProductErrorValidation -->
        <test-method is-config="true" signature="close()[pri:0, instance:academy.tests.ErrorValidationsTest@7975d1d8]" started-at="2025-02-20T17:52:21 IST" name="close" finished-at="2025-02-20T17:52:22 IST" duration-ms="868" status="PASS">
          <reporter-output>
          </reporter-output>
        </test-method> <!-- close -->
      </class> <!-- academy.tests.ErrorValidationsTest -->
    </test> <!-- Error Validation Test -->
    <test started-at="2025-02-20T17:51:57 IST" name="Submit Order Test" finished-at="2025-02-20T17:52:40 IST" duration-ms="43464">
      <class name="academy.tests.SubmitOrderTest">
        <test-method is-config="true" signature="launchApplication()[pri:0, instance:academy.tests.SubmitOrderTest@1c742ed4]" started-at="2025-02-20T17:51:58 IST" name="launchApplication" finished-at="2025-02-20T17:52:10 IST" duration-ms="11590" status="PASS">
          <reporter-output>
          </reporter-output>
        </test-method> <!-- launchApplication -->
        <test-method signature="submitOrder(java.util.HashMap)[pri:0, instance:academy.tests.SubmitOrderTest@1c742ed4]" started-at="2025-02-20T17:52:10 IST" name="submitOrder" data-provider="getData" finished-at="2025-02-20T17:52:16 IST" duration-ms="6492" status="PASS">
          <params>
            <param index="0">
              <value>
                <![CDATA[{password=Nasrul@1, email=nazakat.premium@gmail.com, productName=ADIDAS ORIGINAL}]]>
              </value>
            </param>
          </params>
          <reporter-output>
          </reporter-output>
        </test-method> <!-- submitOrder -->
        <test-method is-config="true" signature="close()[pri:0, instance:academy.tests.SubmitOrderTest@1c742ed4]" started-at="2025-02-20T17:52:16 IST" name="close" finished-at="2025-02-20T17:52:18 IST" duration-ms="1917" status="PASS">
          <reporter-output>
          </reporter-output>
        </test-method> <!-- close -->
        <test-method is-config="true" signature="launchApplication()[pri:0, instance:academy.tests.SubmitOrderTest@1c742ed4]" started-at="2025-02-20T17:52:18 IST" name="launchApplication" finished-at="2025-02-20T17:52:24 IST" duration-ms="5643" status="PASS">
          <reporter-output>
          </reporter-output>
        </test-method> <!-- launchApplication -->
        <test-method signature="submitOrder(java.util.HashMap)[pri:0, instance:academy.tests.SubmitOrderTest@1c742ed4]" started-at="2025-02-20T17:52:24 IST" name="submitOrder" data-provider="getData" finished-at="2025-02-20T17:52:28 IST" duration-ms="4490" status="PASS">
          <params>
            <param index="0">
              <value>
                <![CDATA[{password=Iamking@000, email=shetty@gmail.com, productName=ZARA COAT 3}]]>
              </value>
            </param>
          </params>
          <reporter-output>
          </reporter-output>
        </test-method> <!-- submitOrder -->
        <test-method is-config="true" signature="close()[pri:0, instance:academy.tests.SubmitOrderTest@1c742ed4]" started-at="2025-02-20T17:52:28 IST" name="close" finished-at="2025-02-20T17:52:28 IST" duration-ms="264" status="PASS">
          <reporter-output>
          </reporter-output>
        </test-method> <!-- close -->
        <test-method is-config="true" signature="launchApplication()[pri:0, instance:academy.tests.SubmitOrderTest@1c742ed4]" started-at="2025-02-20T17:52:28 IST" name="launchApplication" finished-at="2025-02-20T17:52:34 IST" duration-ms="5342" status="PASS">
          <reporter-output>
          </reporter-output>
        </test-method> <!-- launchApplication -->
        <test-method signature="OrderHistoryTest(java.util.HashMap)[pri:0, instance:academy.tests.SubmitOrderTest@1c742ed4]" started-at="2025-02-20T17:52:34 IST" name="OrderHistoryTest" data-provider="getData" finished-at="2025-02-20T17:52:35 IST" depends-on-methods="academy.tests.SubmitOrderTest.submitOrder" duration-ms="961" status="PASS">
          <params>
            <param index="0">
              <value>
                <![CDATA[{password=Nasrul@1, email=nazakat.premium@gmail.com, productName=ADIDAS ORIGINAL}]]>
              </value>
            </param>
          </params>
          <reporter-output>
          </reporter-output>
        </test-method> <!-- OrderHistoryTest -->
        <test-method is-config="true" signature="close()[pri:0, instance:academy.tests.SubmitOrderTest@1c742ed4]" started-at="2025-02-20T17:52:35 IST" name="close" finished-at="2025-02-20T17:52:35 IST" duration-ms="402" status="PASS">
          <reporter-output>
          </reporter-output>
        </test-method> <!-- close -->
        <test-method is-config="true" signature="launchApplication()[pri:0, instance:academy.tests.SubmitOrderTest@1c742ed4]" started-at="2025-02-20T17:52:35 IST" name="launchApplication" finished-at="2025-02-20T17:52:39 IST" duration-ms="4076" status="PASS">
          <reporter-output>
          </reporter-output>
        </test-method> <!-- launchApplication -->
        <test-method signature="OrderHistoryTest(java.util.HashMap)[pri:0, instance:academy.tests.SubmitOrderTest@1c742ed4]" started-at="2025-02-20T17:52:39 IST" name="OrderHistoryTest" data-provider="getData" finished-at="2025-02-20T17:52:40 IST" depends-on-methods="academy.tests.SubmitOrderTest.submitOrder" duration-ms="917" status="PASS">
          <params>
            <param index="0">
              <value>
                <![CDATA[{password=Iamking@000, email=shetty@gmail.com, productName=ZARA COAT 3}]]>
              </value>
            </param>
          </params>
          <reporter-output>
          </reporter-output>
        </test-method> <!-- OrderHistoryTest -->
        <test-method is-config="true" signature="close()[pri:0, instance:academy.tests.SubmitOrderTest@1c742ed4]" started-at="2025-02-20T17:52:40 IST" name="close" finished-at="2025-02-20T17:52:40 IST" duration-ms="260" status="PASS">
          <reporter-output>
          </reporter-output>
        </test-method> <!-- close -->
      </class> <!-- academy.tests.SubmitOrderTest -->
    </test> <!-- Submit Order Test -->
  </suite> <!-- Suite -->
</testng-results>
